d:\final-project-group-4\sampleenclave4cuda\cudademo\x64\release\vc141.pdb
d:\final-project-group-4\sampleenclave4cuda\cudademo\x64\release\main.obj
d:\final-project-group-4\sampleenclave4cuda\cudademo\x64\release\cpuenclave.obj
d:\final-project-group-4\sampleenclave4cuda\cudademo\x64\release\storageenclave_u.obj
d:\final-project-group-4\sampleenclave4cuda\x64\release\cudademo.lib
d:\final-project-group-4\sampleenclave4cuda\x64\release\cudademo.exp
d:\final-project-group-4\sampleenclave4cuda\cudademo\storageenclave_u.h
d:\final-project-group-4\sampleenclave4cuda\cudademo\storageenclave_u.c
d:\final-project-group-4\sampleenclave4cuda\x64\release\cudademo.exe
d:\final-project-group-4\sampleenclave4cuda\x64\release\cudademo.pdb
d:\final-project-group-4\sampleenclave4cuda\cudademo\x64\release\aes_kernel.cu.cache
d:\final-project-group-4\sampleenclave4cuda\cudademo\x64\release\kernel.cu.cache
d:\final-project-group-4\sampleenclave4cuda\cudademo\x64\release\aes_kernel.cu.obj
d:\final-project-group-4\sampleenclave4cuda\cudademo\x64\release\kernel.cu.obj
d:\final-project-group-4\sampleenclave4cuda\cudademo\x64\release\cudademo.tlog\cl.command.1.tlog
d:\final-project-group-4\sampleenclave4cuda\cudademo\x64\release\cudademo.tlog\cl.read.1.tlog
d:\final-project-group-4\sampleenclave4cuda\cudademo\x64\release\cudademo.tlog\cl.write.1.tlog
d:\final-project-group-4\sampleenclave4cuda\cudademo\x64\release\cudademo.tlog\cudacompile.read.1u.tlog
d:\final-project-group-4\sampleenclave4cuda\cudademo\x64\release\cudademo.tlog\cudacompile.write.1u.tlog
d:\final-project-group-4\sampleenclave4cuda\cudademo\x64\release\cudademo.tlog\cudademo.write.1u.tlog
d:\final-project-group-4\sampleenclave4cuda\cudademo\x64\release\cudademo.tlog\custombuild.command.1.tlog
d:\final-project-group-4\sampleenclave4cuda\cudademo\x64\release\cudademo.tlog\custombuild.read.1.tlog
d:\final-project-group-4\sampleenclave4cuda\cudademo\x64\release\cudademo.tlog\custombuild.write.1.tlog
d:\final-project-group-4\sampleenclave4cuda\cudademo\x64\release\cudademo.tlog\link.command.1.tlog
d:\final-project-group-4\sampleenclave4cuda\cudademo\x64\release\cudademo.tlog\link.read.1.tlog
d:\final-project-group-4\sampleenclave4cuda\cudademo\x64\release\cudademo.tlog\link.write.1.tlog
