  Creating proxy/bridge routines
  StorageEnclave.cpp
  StorageEnclave_t.c
     Creating library D:\final-project-group-4\SampleEnclave4CUDA\x64\Prerelease\StorageEnclave.lib and object D:\final-project-group-4\SampleEnclave4CUDA\x64\Prerelease\StorageEnclave.exp
  StorageEnclave.vcxproj -> D:\final-project-group-4\SampleEnclave4CUDA\x64\Prerelease\StorageEnclave.dll
  sign the enclave
  The required memory is 0x162000.
  Succeed.
  <EnclaveConfiguration>
      <ProdID>0</ProdID>
      <ISVSVN>0</ISVSVN>
      <StackMaxSize>0x40000</StackMaxSize>
      <HeapMaxSize>0x100000</HeapMaxSize>
      <TCSNum>1</TCSNum>
      <TCSPolicy>1</TCSPolicy>
      <DisableDebug>0</DisableDebug>
      <MiscSelect>0</MiscSelect>
      <MiscMask>0xFFFFFFFF</MiscMask>
      <EnableKSS>0</EnableKSS>
      <ISVEXTPRODID_H>0</ISVEXTPRODID_H>
      <ISVEXTPRODID_L>0</ISVEXTPRODID_L>
      <ISVFAMILYID_H>0</ISVFAMILYID_H>
      <ISVFAMILYID_L>0</ISVFAMILYID_L>
  </EnclaveConfiguration>
